# JRE version: OpenJDK Runtime Environment Temurin-21.0.6+7 (21.0.6+7) (build 21.0.6+7-LTS)
# Java VM: OpenJDK 64-Bit Server VM Temurin-21.0.6+7 (21.0.6+7-LTS, mixed mode, sharing, tiered, compressed oops, compressed class ptrs, parallel gc, windows-amd64)
GC Precious Log:
 CardTable entry size: 512
 CPUs: 12 total, 12 available
 Memory: 32451M
 Large Page Support: Disabled
 NUMA Support: Disabled
 Compressed Oops: Enabled (32-bit)
 Alignments: Space 512K, Generation 512K, Heap 2M
 Heap Min Capacity: 100M
 Heap Initial Capacity: 100M
 Heap Max Capacity: 1G
 Pre-touch: Disabled
 Parallel Workers: 10
Heap:
 PSYoungGen      total 2560K, used 1994K [0x00000000eab00000, 0x00000000eae80000, 0x0000000100000000)
  eden space 1536K, 100% used [0x00000000eab00000,0x00000000eac80000,0x00000000eac80000)
  from space 1024K, 44% used [0x00000000eac80000,0x00000000eacf2a30,0x00000000ead80000)
  to   space 1024K, 28% used [0x00000000ead80000,0x00000000eadc8000,0x00000000eae80000)
 ParOldGen       total 218624K, used 218616K [0x00000000c0000000, 0x00000000cd580000, 0x00000000eab00000)
  object space 218624K, 99% used [0x00000000c0000000,0x00000000cd57e2f8,0x00000000cd580000)
 Metaspace       used 59621K, committed 60864K, reserved 1114112K
  class space    used 6458K, committed 6976K, reserved 1048576K
GC Heap History (20 events):
Event: 18.248 GC heap before
{Heap before GC invocations=434 (full 3):
 PSYoungGen      total 1536K, used 1280K [0x00000000eab00000, 0x00000000ead80000, 0x0000000100000000)
  eden space 1024K, 100% used [0x00000000eab00000,0x00000000eac00000,0x00000000eac00000)
  from space 512K, 50% used [0x00000000ead00000,0x00000000ead40000,0x00000000ead80000)
  to   space 512K, 0% used [0x00000000eac80000,0x00000000eac80000,0x00000000ead00000)
 ParOldGen       total 216064K, used 215766K [0x00000000c0000000, 0x00000000cd300000, 0x00000000eab00000)
  object space 216064K, 99% used [0x00000000c0000000,0x00000000cd2b5af0,0x00000000cd300000)
 Metaspace       used 59511K, committed 60736K, reserved 1114112K
  class space    used 6439K, committed 6976K, reserved 1048576K
}
Event: 18.248 GC heap after
{Heap after GC invocations=434 (full 3):
 PSYoungGen      total 1536K, used 256K [0x00000000eab00000, 0x00000000ead80000, 0x0000000100000000)
  eden space 1024K, 0% used [0x00000000eab00000,0x00000000eab00000,0x00000000eac00000)
  from space 512K, 50% used [0x00000000eac80000,0x00000000eacc0000,0x00000000ead00000)
  to   space 512K, 0% used [0x00000000ead00000,0x00000000ead00000,0x00000000ead80000)
 ParOldGen       total 216064K, used 215822K [0x00000000c0000000, 0x00000000cd300000, 0x00000000eab00000)
  object space 216064K, 99% used [0x00000000c0000000,0x00000000cd2c3af0,0x00000000cd300000)
 Metaspace       used 59511K, committed 60736K, reserved 1114112K
  class space    used 6439K, committed 6976K, reserved 1048576K
}
Event: 18.251 GC heap before
{Heap before GC invocations=435 (full 3):
 PSYoungGen      total 1536K, used 1279K [0x00000000eab00000, 0x00000000ead80000, 0x0000000100000000)
  eden space 1024K, 99% used [0x00000000eab00000,0x00000000eabffff8,0x00000000eac00000)
  from space 512K, 50% used [0x00000000eac80000,0x00000000eacc0000,0x00000000ead00000)
  to   space 512K, 0% used [0x00000000ead00000,0x00000000ead00000,0x00000000ead80000)
 ParOldGen       total 216064K, used 215822K [0x00000000c0000000, 0x00000000cd300000, 0x00000000eab00000)
  object space 216064K, 99% used [0x00000000c0000000,0x00000000cd2c3af0,0x00000000cd300000)
 Metaspace       used 59511K, committed 60736K, reserved 1114112K
  class space    used 6439K, committed 6976K, reserved 1048576K
}
Event: 18.252 GC heap after
{Heap after GC invocations=435 (full 3):
 PSYoungGen      total 2048K, used 160K [0x00000000eab00000, 0x00000000ead80000, 0x0000000100000000)
  eden space 1536K, 0% used [0x00000000eab00000,0x00000000eab00000,0x00000000eac80000)
  from space 512K, 31% used [0x00000000ead00000,0x00000000ead28000,0x00000000ead80000)
  to   space 512K, 0% used [0x00000000eac80000,0x00000000eac80000,0x00000000ead00000)
 ParOldGen       total 216064K, used 215919K [0x00000000c0000000, 0x00000000cd300000, 0x00000000eab00000)
  object space 216064K, 99% used [0x00000000c0000000,0x00000000cd2dbe30,0x00000000cd300000)
 Metaspace       used 59511K, committed 60736K, reserved 1114112K
  class space    used 6439K, committed 6976K, reserved 1048576K
}
Event: 18.255 GC heap before
{Heap before GC invocations=436 (full 3):
 PSYoungGen      total 2048K, used 1682K [0x00000000eab00000, 0x00000000ead80000, 0x0000000100000000)
  eden space 1536K, 99% used [0x00000000eab00000,0x00000000eac7cbb8,0x00000000eac80000)
  from space 512K, 31% used [0x00000000ead00000,0x00000000ead28000,0x00000000ead80000)
  to   space 512K, 0% used [0x00000000eac80000,0x00000000eac80000,0x00000000ead00000)
 ParOldGen       total 216064K, used 215919K [0x00000000c0000000, 0x00000000cd300000, 0x00000000eab00000)
  object space 216064K, 99% used [0x00000000c0000000,0x00000000cd2dbe30,0x00000000cd300000)
 Metaspace       used 59513K, committed 60736K, reserved 1114112K
  class space    used 6439K, committed 6976K, reserved 1048576K
}
Event: 18.256 GC heap after
{Heap after GC invocations=436 (full 3):
 PSYoungGen      total 2048K, used 288K [0x00000000eab00000, 0x00000000eae00000, 0x0000000100000000)
  eden space 1536K, 0% used [0x00000000eab00000,0x00000000eab00000,0x00000000eac80000)
  from space 512K, 56% used [0x00000000eac80000,0x00000000eacc8000,0x00000000ead00000)
  to   space 512K, 0% used [0x00000000ead80000,0x00000000ead80000,0x00000000eae00000)
 ParOldGen       total 216064K, used 215983K [0x00000000c0000000, 0x00000000cd300000, 0x00000000eab00000)
  object space 216064K, 99% used [0x00000000c0000000,0x00000000cd2ebe30,0x00000000cd300000)
 Metaspace       used 59513K, committed 60736K, reserved 1114112K
  class space    used 6439K, committed 6976K, reserved 1048576K
}
Event: 18.262 GC heap before
{Heap before GC invocations=437 (full 3):
 PSYoungGen      total 2048K, used 1824K [0x00000000eab00000, 0x00000000eae00000, 0x0000000100000000)
  eden space 1536K, 100% used [0x00000000eab00000,0x00000000eac80000,0x00000000eac80000)
  from space 512K, 56% used [0x00000000eac80000,0x00000000eacc8000,0x00000000ead00000)
  to   space 512K, 0% used [0x00000000ead80000,0x00000000ead80000,0x00000000eae00000)
 ParOldGen       total 216064K, used 215983K [0x00000000c0000000, 0x00000000cd300000, 0x00000000eab00000)
  object space 216064K, 99% used [0x00000000c0000000,0x00000000cd2ebe30,0x00000000cd300000)
 Metaspace       used 59513K, committed 60736K, reserved 1114112K
  class space    used 6439K, committed 6976K, reserved 1048576K
}
Event: 18.263 GC heap after
{Heap after GC invocations=437 (full 3):
 PSYoungGen      total 2048K, used 352K [0x00000000eab00000, 0x00000000eae00000, 0x0000000100000000)
  eden space 1536K, 0% used [0x00000000eab00000,0x00000000eab00000,0x00000000eac80000)
  from space 512K, 68% used [0x00000000ead80000,0x00000000eadd8000,0x00000000eae00000)
  to   space 512K, 0% used [0x00000000eac80000,0x00000000eac80000,0x00000000ead00000)
 ParOldGen       total 216576K, used 216122K [0x00000000c0000000, 0x00000000cd380000, 0x00000000eab00000)
  object space 216576K, 99% used [0x00000000c0000000,0x00000000cd30e920,0x00000000cd380000)
 Metaspace       used 59513K, committed 60736K, reserved 1114112K
  class space    used 6439K, committed 6976K, reserved 1048576K
}
Event: 18.270 GC heap before
{Heap before GC invocations=438 (full 3):
 PSYoungGen      total 2048K, used 1888K [0x00000000eab00000, 0x00000000eae00000, 0x0000000100000000)
  eden space 1536K, 100% used [0x00000000eab00000,0x00000000eac80000,0x00000000eac80000)
  from space 512K, 68% used [0x00000000ead80000,0x00000000eadd8000,0x00000000eae00000)
  to   space 512K, 0% used [0x00000000eac80000,0x00000000eac80000,0x00000000ead00000)
 ParOldGen       total 216576K, used 216122K [0x00000000c0000000, 0x00000000cd380000, 0x00000000eab00000)
  object space 216576K, 99% used [0x00000000c0000000,0x00000000cd30e920,0x00000000cd380000)
 Metaspace       used 59513K, committed 60736K, reserved 1114112K
  class space    used 6439K, committed 6976K, reserved 1048576K
}
Event: 18.271 GC heap after
{Heap after GC invocations=438 (full 3):
 PSYoungGen      total 2048K, used 512K [0x00000000eab00000, 0x00000000eae80000, 0x0000000100000000)
  eden space 1536K, 0% used [0x00000000eab00000,0x00000000eab00000,0x00000000eac80000)
  from space 512K, 100% used [0x00000000eac80000,0x00000000ead00000,0x00000000ead00000)
  to   space 1024K, 0% used [0x00000000ead80000,0x00000000ead80000,0x00000000eae80000)
 ParOldGen       total 216576K, used 216324K [0x00000000c0000000, 0x00000000cd380000, 0x00000000eab00000)
  object space 216576K, 99% used [0x00000000c0000000,0x00000000cd341090,0x00000000cd380000)
 Metaspace       used 59513K, committed 60736K, reserved 1114112K
  class space    used 6439K, committed 6976K, reserved 1048576K
}
Event: 18.280 GC heap before
{Heap before GC invocations=439 (full 3):
 PSYoungGen      total 2048K, used 2047K [0x00000000eab00000, 0x00000000eae80000, 0x0000000100000000)
  eden space 1536K, 99% used [0x00000000eab00000,0x00000000eac7ff18,0x00000000eac80000)
  from space 512K, 100% used [0x00000000eac80000,0x00000000ead00000,0x00000000ead00000)
  to   space 1024K, 0% used [0x00000000ead80000,0x00000000ead80000,0x00000000eae80000)
 ParOldGen       total 216576K, used 216324K [0x00000000c0000000, 0x00000000cd380000, 0x00000000eab00000)
  object space 216576K, 99% used [0x00000000c0000000,0x00000000cd341090,0x00000000cd380000)
 Metaspace       used 59513K, committed 60736K, reserved 1114112K
  class space    used 6439K, committed 6976K, reserved 1048576K
}
Event: 18.281 GC heap after
{Heap after GC invocations=439 (full 3):
 PSYoungGen      total 2560K, used 512K [0x00000000eab00000, 0x00000000eae80000, 0x0000000100000000)
  eden space 1536K, 0% used [0x00000000eab00000,0x00000000eab00000,0x00000000eac80000)
  from space 1024K, 50% used [0x00000000ead80000,0x00000000eae00000,0x00000000eae80000)
  to   space 1024K, 0% used [0x00000000eac80000,0x00000000eac80000,0x00000000ead80000)
 ParOldGen       total 217088K, used 216690K [0x00000000c0000000, 0x00000000cd400000, 0x00000000eab00000)
  object space 217088K, 99% used [0x00000000c0000000,0x00000000cd39c948,0x00000000cd400000)
 Metaspace       used 59513K, committed 60736K, reserved 1114112K
  class space    used 6439K, committed 6976K, reserved 1048576K
}
Event: 18.288 GC heap before
{Heap before GC invocations=440 (full 3):
 PSYoungGen      total 2560K, used 2047K [0x00000000eab00000, 0x00000000eae80000, 0x0000000100000000)
  eden space 1536K, 99% used [0x00000000eab00000,0x00000000eac7ffb8,0x00000000eac80000)
  from space 1024K, 50% used [0x00000000ead80000,0x00000000eae00000,0x00000000eae80000)
  to   space 1024K, 0% used [0x00000000eac80000,0x00000000eac80000,0x00000000ead80000)
 ParOldGen       total 217088K, used 216690K [0x00000000c0000000, 0x00000000cd400000, 0x00000000eab00000)
  object space 217088K, 99% used [0x00000000c0000000,0x00000000cd39c948,0x00000000cd400000)
 Metaspace       used 59524K, committed 60736K, reserved 1114112K
  class space    used 6441K, committed 6976K, reserved 1048576K
}
Event: 18.290 GC heap after
{Heap after GC invocations=440 (full 3):
 PSYoungGen      total 2560K, used 448K [0x00000000eab00000, 0x00000000eae00000, 0x0000000100000000)
  eden space 1536K, 0% used [0x00000000eab00000,0x00000000eab00000,0x00000000eac80000)
  from space 1024K, 43% used [0x00000000eac80000,0x00000000eacf0000,0x00000000ead80000)
  to   space 512K, 0% used [0x00000000ead80000,0x00000000ead80000,0x00000000eae00000)
 ParOldGen       total 217088K, used 217076K [0x00000000c0000000, 0x00000000cd400000, 0x00000000eab00000)
  object space 217088K, 99% used [0x00000000c0000000,0x00000000cd3fd338,0x00000000cd400000)
 Metaspace       used 59524K, committed 60736K, reserved 1114112K
  class space    used 6441K, committed 6976K, reserved 1048576K
}
Event: 18.296 GC heap before
{Heap before GC invocations=441 (full 3):
 PSYoungGen      total 2560K, used 1983K [0x00000000eab00000, 0x00000000eae00000, 0x0000000100000000)
  eden space 1536K, 99% used [0x00000000eab00000,0x00000000eac7ffd8,0x00000000eac80000)
  from space 1024K, 43% used [0x00000000eac80000,0x00000000eacf0000,0x00000000ead80000)
  to   space 512K, 0% used [0x00000000ead80000,0x00000000ead80000,0x00000000eae00000)
 ParOldGen       total 217088K, used 217076K [0x00000000c0000000, 0x00000000cd400000, 0x00000000eab00000)
  object space 217088K, 99% used [0x00000000c0000000,0x00000000cd3fd338,0x00000000cd400000)
 Metaspace       used 59567K, committed 60800K, reserved 1114112K
  class space    used 6445K, committed 6976K, reserved 1048576K
}
Event: 18.297 GC heap after
{Heap after GC invocations=441 (full 3):
 PSYoungGen      total 2048K, used 384K [0x00000000eab00000, 0x00000000eae00000, 0x0000000100000000)
  eden space 1536K, 0% used [0x00000000eab00000,0x00000000eab00000,0x00000000eac80000)
  from space 512K, 75% used [0x00000000ead80000,0x00000000eade0000,0x00000000eae00000)
  to   space 512K, 0% used [0x00000000ead00000,0x00000000ead00000,0x00000000ead80000)
 ParOldGen       total 217600K, used 217404K [0x00000000c0000000, 0x00000000cd480000, 0x00000000eab00000)
  object space 217600K, 99% used [0x00000000c0000000,0x00000000cd44f338,0x00000000cd480000)
 Metaspace       used 59567K, committed 60800K, reserved 1114112K
  class space    used 6445K, committed 6976K, reserved 1048576K
}
Event: 18.305 GC heap before
{Heap before GC invocations=442 (full 3):
 PSYoungGen      total 2048K, used 1920K [0x00000000eab00000, 0x00000000eae00000, 0x0000000100000000)
  eden space 1536K, 100% used [0x00000000eab00000,0x00000000eac80000,0x00000000eac80000)
  from space 512K, 75% used [0x00000000ead80000,0x00000000eade0000,0x00000000eae00000)
  to   space 512K, 0% used [0x00000000ead00000,0x00000000ead00000,0x00000000ead80000)
 ParOldGen       total 217600K, used 217404K [0x00000000c0000000, 0x00000000cd480000, 0x00000000eab00000)
  object space 217600K, 99% used [0x00000000c0000000,0x00000000cd44f338,0x00000000cd480000)
 Metaspace       used 59595K, committed 60800K, reserved 1114112K
  class space    used 6451K, committed 6976K, reserved 1048576K
}
Event: 18.306 GC heap after
{Heap after GC invocations=442 (full 3):
 PSYoungGen      total 2048K, used 480K [0x00000000eab00000, 0x00000000eae00000, 0x0000000100000000)
  eden space 1536K, 0% used [0x00000000eab00000,0x00000000eab00000,0x00000000eac80000)
  from space 512K, 93% used [0x00000000ead00000,0x00000000ead78000,0x00000000ead80000)
  to   space 512K, 0% used [0x00000000ead80000,0x00000000ead80000,0x00000000eae00000)
 ParOldGen       total 218112K, used 217730K [0x00000000c0000000, 0x00000000cd500000, 0x00000000eab00000)
  object space 218112K, 99% used [0x00000000c0000000,0x00000000cd4a0af0,0x00000000cd500000)
 Metaspace       used 59595K, committed 60800K, reserved 1114112K
  class space    used 6451K, committed 6976K, reserved 1048576K
}
Event: 18.312 GC heap before
{Heap before GC invocations=443 (full 3):
 PSYoungGen      total 2048K, used 2016K [0x00000000eab00000, 0x00000000eae00000, 0x0000000100000000)
  eden space 1536K, 100% used [0x00000000eab00000,0x00000000eac80000,0x00000000eac80000)
  from space 512K, 93% used [0x00000000ead00000,0x00000000ead78000,0x00000000ead80000)
  to   space 512K, 0% used [0x00000000ead80000,0x00000000ead80000,0x00000000eae00000)
 ParOldGen       total 218112K, used 217730K [0x00000000c0000000, 0x00000000cd500000, 0x00000000eab00000)
  object space 218112K, 99% used [0x00000000c0000000,0x00000000cd4a0af0,0x00000000cd500000)
 Metaspace       used 59610K, committed 60864K, reserved 1114112K
  class space    used 6455K, committed 6976K, reserved 1048576K
}
Event: 18.313 GC heap after
{Heap after GC invocations=443 (full 3):
 PSYoungGen      total 2048K, used 512K [0x00000000eab00000, 0x00000000eae80000, 0x0000000100000000)
  eden space 1536K, 0% used [0x00000000eab00000,0x00000000eab00000,0x00000000eac80000)
  from space 512K, 100% used [0x00000000ead80000,0x00000000eae00000,0x00000000eae00000)
  to   space 1024K, 0% used [0x00000000eac80000,0x00000000eac80000,0x00000000ead80000)
 ParOldGen       total 218112K, used 218003K [0x00000000c0000000, 0x00000000cd500000, 0x00000000eab00000)
  object space 218112K, 99% used [0x00000000c0000000,0x00000000cd4e4d30,0x00000000cd500000)
 Metaspace       used 59610K, committed 60864K, reserved 1114112K
  class space    used 6455K, committed 6976K, reserved 1048576K
}

