# JRE version: OpenJDK Runtime Environment Temurin-21.0.5+11 (21.0.5+11) (build 21.0.5+11-LTS)
# Java VM: OpenJDK 64-Bit Server VM Temurin-21.0.5+11 (21.0.5+11-LTS, mixed mode, sharing, tiered, compressed oops, compressed class ptrs, parallel gc, windows-amd64)
GC Precious Log:
 CardTable entry size: 512
 CPUs: 12 total, 12 available
 Memory: 32451M
 Large Page Support: Disabled
 NUMA Support: Disabled
 Compressed Oops: Enabled (32-bit)
 Alignments: Space 512K, Generation 512K, Heap 2M
 Heap Min Capacity: 100M
 Heap Initial Capacity: 100M
 Heap Max Capacity: 1G
 Pre-touch: Disabled
 Parallel Workers: 10
Heap:
 PSYoungGen      total 8704K, used 1802K [0x00000000eab00000, 0x00000000eb500000, 0x0000000100000000)
  eden space 7168K, 5% used [0x00000000eab00000,0x00000000eab5dd28,0x00000000eb200000)
  from space 1536K, 92% used [0x00000000eb380000,0x00000000eb4e4e08,0x00000000eb500000)
  to   space 1536K, 0% used [0x00000000eb200000,0x00000000eb200000,0x00000000eb380000)
 ParOldGen       total 131072K, used 130779K [0x00000000c0000000, 0x00000000c8000000, 0x00000000eab00000)
  object space 131072K, 99% used [0x00000000c0000000,0x00000000c7fb6e80,0x00000000c8000000)
 Metaspace       used 55212K, committed 56448K, reserved 1114112K
  class space    used 5752K, committed 6336K, reserved 1048576K
GC Heap History (20 events):
Event: 9.766 GC heap after
{Heap after GC invocations=56 (full 2):
 PSYoungGen      total 9728K, used 1532K [0x00000000eab00000, 0x00000000eb680000, 0x0000000100000000)
  eden space 7680K, 0% used [0x00000000eab00000,0x00000000eab00000,0x00000000eb280000)
  from space 2048K, 74% used [0x00000000eb480000,0x00000000eb5ff298,0x00000000eb680000)
  to   space 2048K, 0% used [0x00000000eb280000,0x00000000eb280000,0x00000000eb480000)
 ParOldGen       total 118784K, used 118422K [0x00000000c0000000, 0x00000000c7400000, 0x00000000eab00000)
  object space 118784K, 99% used [0x00000000c0000000,0x00000000c73a59d8,0x00000000c7400000)
 Metaspace       used 53808K, committed 55104K, reserved 1114112K
  class space    used 5626K, committed 6208K, reserved 1048576K
}
Event: 9.775 GC heap before
{Heap before GC invocations=57 (full 2):
 PSYoungGen      total 9728K, used 9212K [0x00000000eab00000, 0x00000000eb680000, 0x0000000100000000)
  eden space 7680K, 100% used [0x00000000eab00000,0x00000000eb280000,0x00000000eb280000)
  from space 2048K, 74% used [0x00000000eb480000,0x00000000eb5ff298,0x00000000eb680000)
  to   space 2048K, 0% used [0x00000000eb280000,0x00000000eb280000,0x00000000eb480000)
 ParOldGen       total 118784K, used 118422K [0x00000000c0000000, 0x00000000c7400000, 0x00000000eab00000)
  object space 118784K, 99% used [0x00000000c0000000,0x00000000c73a59d8,0x00000000c7400000)
 Metaspace       used 53809K, committed 55104K, reserved 1114112K
  class space    used 5626K, committed 6208K, reserved 1048576K
}
Event: 9.777 GC heap after
{Heap after GC invocations=57 (full 2):
 PSYoungGen      total 9216K, used 1389K [0x00000000eab00000, 0x00000000eb580000, 0x0000000100000000)
  eden space 7680K, 0% used [0x00000000eab00000,0x00000000eab00000,0x00000000eb280000)
  from space 1536K, 90% used [0x00000000eb280000,0x00000000eb3db718,0x00000000eb400000)
  to   space 1536K, 0% used [0x00000000eb400000,0x00000000eb400000,0x00000000eb580000)
 ParOldGen       total 119296K, used 119062K [0x00000000c0000000, 0x00000000c7480000, 0x00000000eab00000)
  object space 119296K, 99% used [0x00000000c0000000,0x00000000c7445890,0x00000000c7480000)
 Metaspace       used 53809K, committed 55104K, reserved 1114112K
  class space    used 5626K, committed 6208K, reserved 1048576K
}
Event: 9.782 GC heap before
{Heap before GC invocations=58 (full 2):
 PSYoungGen      total 9216K, used 9069K [0x00000000eab00000, 0x00000000eb580000, 0x0000000100000000)
  eden space 7680K, 100% used [0x00000000eab00000,0x00000000eb280000,0x00000000eb280000)
  from space 1536K, 90% used [0x00000000eb280000,0x00000000eb3db718,0x00000000eb400000)
  to   space 1536K, 0% used [0x00000000eb400000,0x00000000eb400000,0x00000000eb580000)
 ParOldGen       total 119296K, used 119062K [0x00000000c0000000, 0x00000000c7480000, 0x00000000eab00000)
  object space 119296K, 99% used [0x00000000c0000000,0x00000000c7445890,0x00000000c7480000)
 Metaspace       used 53809K, committed 55104K, reserved 1114112K
  class space    used 5626K, committed 6208K, reserved 1048576K
}
Event: 9.783 GC heap after
{Heap after GC invocations=58 (full 2):
 PSYoungGen      total 9216K, used 1447K [0x00000000eab00000, 0x00000000eb580000, 0x0000000100000000)
  eden space 7680K, 0% used [0x00000000eab00000,0x00000000eab00000,0x00000000eb280000)
  from space 1536K, 94% used [0x00000000eb400000,0x00000000eb569dd0,0x00000000eb580000)
  to   space 1536K, 0% used [0x00000000eb280000,0x00000000eb280000,0x00000000eb400000)
 ParOldGen       total 120320K, used 119822K [0x00000000c0000000, 0x00000000c7580000, 0x00000000eab00000)
  object space 120320K, 99% used [0x00000000c0000000,0x00000000c7503938,0x00000000c7580000)
 Metaspace       used 53809K, committed 55104K, reserved 1114112K
  class space    used 5626K, committed 6208K, reserved 1048576K
}
Event: 9.792 GC heap before
{Heap before GC invocations=59 (full 2):
 PSYoungGen      total 9216K, used 9127K [0x00000000eab00000, 0x00000000eb580000, 0x0000000100000000)
  eden space 7680K, 100% used [0x00000000eab00000,0x00000000eb280000,0x00000000eb280000)
  from space 1536K, 94% used [0x00000000eb400000,0x00000000eb569dd0,0x00000000eb580000)
  to   space 1536K, 0% used [0x00000000eb280000,0x00000000eb280000,0x00000000eb400000)
 ParOldGen       total 120320K, used 119822K [0x00000000c0000000, 0x00000000c7580000, 0x00000000eab00000)
  object space 120320K, 99% used [0x00000000c0000000,0x00000000c7503938,0x00000000c7580000)
 Metaspace       used 54035K, committed 55296K, reserved 1114112K
  class space    used 5636K, committed 6208K, reserved 1048576K
}
Event: 9.793 GC heap after
{Heap after GC invocations=59 (full 2):
 PSYoungGen      total 9216K, used 1185K [0x00000000eab00000, 0x00000000eb580000, 0x0000000100000000)
  eden space 7680K, 0% used [0x00000000eab00000,0x00000000eab00000,0x00000000eb280000)
  from space 1536K, 77% used [0x00000000eb280000,0x00000000eb3a8420,0x00000000eb400000)
  to   space 1536K, 0% used [0x00000000eb400000,0x00000000eb400000,0x00000000eb580000)
 ParOldGen       total 120320K, used 120245K [0x00000000c0000000, 0x00000000c7580000, 0x00000000eab00000)
  object space 120320K, 99% used [0x00000000c0000000,0x00000000c756d488,0x00000000c7580000)
 Metaspace       used 54035K, committed 55296K, reserved 1114112K
  class space    used 5636K, committed 6208K, reserved 1048576K
}
Event: 9.805 GC heap before
{Heap before GC invocations=60 (full 2):
 PSYoungGen      total 9216K, used 8865K [0x00000000eab00000, 0x00000000eb580000, 0x0000000100000000)
  eden space 7680K, 100% used [0x00000000eab00000,0x00000000eb280000,0x00000000eb280000)
  from space 1536K, 77% used [0x00000000eb280000,0x00000000eb3a8420,0x00000000eb400000)
  to   space 1536K, 0% used [0x00000000eb400000,0x00000000eb400000,0x00000000eb580000)
 ParOldGen       total 120320K, used 120245K [0x00000000c0000000, 0x00000000c7580000, 0x00000000eab00000)
  object space 120320K, 99% used [0x00000000c0000000,0x00000000c756d488,0x00000000c7580000)
 Metaspace       used 54408K, committed 55680K, reserved 1114112K
  class space    used 5677K, committed 6208K, reserved 1048576K
}
Event: 9.806 GC heap after
{Heap after GC invocations=60 (full 2):
 PSYoungGen      total 9216K, used 1344K [0x00000000eab00000, 0x00000000eb580000, 0x0000000100000000)
  eden space 7680K, 0% used [0x00000000eab00000,0x00000000eab00000,0x00000000eb280000)
  from space 1536K, 87% used [0x00000000eb400000,0x00000000eb550000,0x00000000eb580000)
  to   space 1536K, 0% used [0x00000000eb280000,0x00000000eb280000,0x00000000eb400000)
 ParOldGen       total 121344K, used 121298K [0x00000000c0000000, 0x00000000c7680000, 0x00000000eab00000)
  object space 121344K, 99% used [0x00000000c0000000,0x00000000c7674b00,0x00000000c7680000)
 Metaspace       used 54408K, committed 55680K, reserved 1114112K
  class space    used 5677K, committed 6208K, reserved 1048576K
}
Event: 9.823 GC heap before
{Heap before GC invocations=61 (full 2):
 PSYoungGen      total 9216K, used 9024K [0x00000000eab00000, 0x00000000eb580000, 0x0000000100000000)
  eden space 7680K, 100% used [0x00000000eab00000,0x00000000eb280000,0x00000000eb280000)
  from space 1536K, 87% used [0x00000000eb400000,0x00000000eb550000,0x00000000eb580000)
  to   space 1536K, 0% used [0x00000000eb280000,0x00000000eb280000,0x00000000eb400000)
 ParOldGen       total 121344K, used 121298K [0x00000000c0000000, 0x00000000c7680000, 0x00000000eab00000)
  object space 121344K, 99% used [0x00000000c0000000,0x00000000c7674b00,0x00000000c7680000)
 Metaspace       used 54743K, committed 56000K, reserved 1114112K
  class space    used 5710K, committed 6272K, reserved 1048576K
}
Event: 9.824 GC heap after
{Heap after GC invocations=61 (full 2):
 PSYoungGen      total 9216K, used 1460K [0x00000000eab00000, 0x00000000eb580000, 0x0000000100000000)
  eden space 7680K, 0% used [0x00000000eab00000,0x00000000eab00000,0x00000000eb280000)
  from space 1536K, 95% used [0x00000000eb280000,0x00000000eb3ed198,0x00000000eb400000)
  to   space 1536K, 0% used [0x00000000eb400000,0x00000000eb400000,0x00000000eb580000)
 ParOldGen       total 122880K, used 122516K [0x00000000c0000000, 0x00000000c7800000, 0x00000000eab00000)
  object space 122880K, 99% used [0x00000000c0000000,0x00000000c77a5168,0x00000000c7800000)
 Metaspace       used 54743K, committed 56000K, reserved 1114112K
  class space    used 5710K, committed 6272K, reserved 1048576K
}
Event: 9.838 GC heap before
{Heap before GC invocations=62 (full 2):
 PSYoungGen      total 9216K, used 9140K [0x00000000eab00000, 0x00000000eb580000, 0x0000000100000000)
  eden space 7680K, 100% used [0x00000000eab00000,0x00000000eb280000,0x00000000eb280000)
  from space 1536K, 95% used [0x00000000eb280000,0x00000000eb3ed198,0x00000000eb400000)
  to   space 1536K, 0% used [0x00000000eb400000,0x00000000eb400000,0x00000000eb580000)
 ParOldGen       total 122880K, used 122516K [0x00000000c0000000, 0x00000000c7800000, 0x00000000eab00000)
  object space 122880K, 99% used [0x00000000c0000000,0x00000000c77a5168,0x00000000c7800000)
 Metaspace       used 54809K, committed 56064K, reserved 1114112K
  class space    used 5719K, committed 6272K, reserved 1048576K
}
Event: 9.840 GC heap after
{Heap after GC invocations=62 (full 2):
 PSYoungGen      total 7168K, used 1510K [0x00000000eab00000, 0x00000000eb980000, 0x0000000100000000)
  eden space 5632K, 0% used [0x00000000eab00000,0x00000000eab00000,0x00000000eb080000)
  from space 1536K, 98% used [0x00000000eb400000,0x00000000eb579b50,0x00000000eb580000)
  to   space 3584K, 0% used [0x00000000eb080000,0x00000000eb080000,0x00000000eb400000)
 ParOldGen       total 124416K, used 123946K [0x00000000c0000000, 0x00000000c7980000, 0x00000000eab00000)
  object space 124416K, 99% used [0x00000000c0000000,0x00000000c790a8c0,0x00000000c7980000)
 Metaspace       used 54809K, committed 56064K, reserved 1114112K
  class space    used 5719K, committed 6272K, reserved 1048576K
}
Event: 9.852 GC heap before
{Heap before GC invocations=63 (full 2):
 PSYoungGen      total 7168K, used 7109K [0x00000000eab00000, 0x00000000eb980000, 0x0000000100000000)
  eden space 5632K, 99% used [0x00000000eab00000,0x00000000eb077998,0x00000000eb080000)
  from space 1536K, 98% used [0x00000000eb400000,0x00000000eb579b50,0x00000000eb580000)
  to   space 3584K, 0% used [0x00000000eb080000,0x00000000eb080000,0x00000000eb400000)
 ParOldGen       total 124416K, used 123946K [0x00000000c0000000, 0x00000000c7980000, 0x00000000eab00000)
  object space 124416K, 99% used [0x00000000c0000000,0x00000000c790a8c0,0x00000000c7980000)
 Metaspace       used 54839K, committed 56064K, reserved 1114112K
  class space    used 5725K, committed 6272K, reserved 1048576K
}
Event: 9.855 GC heap after
{Heap after GC invocations=63 (full 2):
 PSYoungGen      total 7168K, used 1109K [0x00000000eab00000, 0x00000000eb480000, 0x0000000100000000)
  eden space 5632K, 0% used [0x00000000eab00000,0x00000000eab00000,0x00000000eb080000)
  from space 1536K, 72% used [0x00000000eb080000,0x00000000eb1954f8,0x00000000eb200000)
  to   space 2048K, 0% used [0x00000000eb280000,0x00000000eb280000,0x00000000eb480000)
 ParOldGen       total 125952K, used 125446K [0x00000000c0000000, 0x00000000c7b00000, 0x00000000eab00000)
  object space 125952K, 99% used [0x00000000c0000000,0x00000000c7a81ba0,0x00000000c7b00000)
 Metaspace       used 54839K, committed 56064K, reserved 1114112K
  class space    used 5725K, committed 6272K, reserved 1048576K
}
Event: 9.877 GC heap before
{Heap before GC invocations=64 (full 2):
 PSYoungGen      total 7168K, used 6741K [0x00000000eab00000, 0x00000000eb480000, 0x0000000100000000)
  eden space 5632K, 100% used [0x00000000eab00000,0x00000000eb080000,0x00000000eb080000)
  from space 1536K, 72% used [0x00000000eb080000,0x00000000eb1954f8,0x00000000eb200000)
  to   space 2048K, 0% used [0x00000000eb280000,0x00000000eb280000,0x00000000eb480000)
 ParOldGen       total 125952K, used 125446K [0x00000000c0000000, 0x00000000c7b00000, 0x00000000eab00000)
  object space 125952K, 99% used [0x00000000c0000000,0x00000000c7a81ba0,0x00000000c7b00000)
 Metaspace       used 55037K, committed 56256K, reserved 1114112K
  class space    used 5740K, committed 6272K, reserved 1048576K
}
Event: 9.879 GC heap after
{Heap after GC invocations=64 (full 2):
 PSYoungGen      total 7168K, used 1171K [0x00000000eab00000, 0x00000000eb400000, 0x0000000100000000)
  eden space 5632K, 0% used [0x00000000eab00000,0x00000000eab00000,0x00000000eb080000)
  from space 1536K, 76% used [0x00000000eb280000,0x00000000eb3a4fa8,0x00000000eb400000)
  to   space 1536K, 0% used [0x00000000eb080000,0x00000000eb080000,0x00000000eb200000)
 ParOldGen       total 126464K, used 126461K [0x00000000c0000000, 0x00000000c7b80000, 0x00000000eab00000)
  object space 126464K, 99% used [0x00000000c0000000,0x00000000c7b7f798,0x00000000c7b80000)
 Metaspace       used 55037K, committed 56256K, reserved 1114112K
  class space    used 5740K, committed 6272K, reserved 1048576K
}
Event: 9.894 GC heap before
{Heap before GC invocations=65 (full 2):
 PSYoungGen      total 7168K, used 6803K [0x00000000eab00000, 0x00000000eb400000, 0x0000000100000000)
  eden space 5632K, 100% used [0x00000000eab00000,0x00000000eb080000,0x00000000eb080000)
  from space 1536K, 76% used [0x00000000eb280000,0x00000000eb3a4fa8,0x00000000eb400000)
  to   space 1536K, 0% used [0x00000000eb080000,0x00000000eb080000,0x00000000eb200000)
 ParOldGen       total 126464K, used 126461K [0x00000000c0000000, 0x00000000c7b80000, 0x00000000eab00000)
  object space 126464K, 99% used [0x00000000c0000000,0x00000000c7b7f798,0x00000000c7b80000)
 Metaspace       used 55101K, committed 56320K, reserved 1114112K
  class space    used 5743K, committed 6272K, reserved 1048576K
}
Event: 9.895 GC heap after
{Heap after GC invocations=65 (full 2):
 PSYoungGen      total 7168K, used 1282K [0x00000000eab00000, 0x00000000eb380000, 0x0000000100000000)
  eden space 5632K, 0% used [0x00000000eab00000,0x00000000eab00000,0x00000000eb080000)
  from space 1536K, 83% used [0x00000000eb080000,0x00000000eb1c0ac0,0x00000000eb200000)
  to   space 1536K, 0% used [0x00000000eb200000,0x00000000eb200000,0x00000000eb380000)
 ParOldGen       total 127488K, used 127390K [0x00000000c0000000, 0x00000000c7c80000, 0x00000000eab00000)
  object space 127488K, 99% used [0x00000000c0000000,0x00000000c7c67ae8,0x00000000c7c80000)
 Metaspace       used 55101K, committed 56320K, reserved 1114112K
  class space    used 5743K, committed 6272K, reserved 1048576K
}
Event: 9.912 GC heap before
{Heap before GC invocations=66 (full 2):
 PSYoungGen      total 7168K, used 6914K [0x00000000eab00000, 0x00000000eb380000, 0x0000000100000000)
  eden space 5632K, 100% used [0x00000000eab00000,0x00000000eb080000,0x00000000eb080000)
  from space 1536K, 83% used [0x00000000eb080000,0x00000000eb1c0ac0,0x00000000eb200000)
  to   space 1536K, 0% used [0x00000000eb200000,0x00000000eb200000,0x00000000eb380000)
 ParOldGen       total 127488K, used 127390K [0x00000000c0000000, 0x00000000c7c80000, 0x00000000eab00000)
  object space 127488K, 99% used [0x00000000c0000000,0x00000000c7c67ae8,0x00000000c7c80000)
 Metaspace       used 55141K, committed 56320K, reserved 1114112K
  class space    used 5747K, committed 6272K, reserved 1048576K
}

