# JRE version: OpenJDK Runtime Environment Temurin-21.0.5+11 (21.0.5+11) (build 21.0.5+11-LTS)
# Java VM: OpenJDK 64-Bit Server VM Temurin-21.0.5+11 (21.0.5+11-LTS, mixed mode, sharing, tiered, compressed oops, compressed class ptrs, parallel gc, windows-amd64)
GC Precious Log:
 CardTable entry size: 512
 CPUs: 12 total, 12 available
 Memory: 32451M
 Large Page Support: Disabled
 NUMA Support: Disabled
 Compressed Oops: Enabled (32-bit)
 Alignments: Space 512K, Generation 512K, Heap 2M
 Heap Min Capacity: 100M
 Heap Initial Capacity: 100M
 Heap Max Capacity: 1G
 Pre-touch: Disabled
 Parallel Workers: 10
Heap:
 PSYoungGen      total 10240K, used 10234K [0x00000000eab00000, 0x00000000ebf00000, 0x0000000100000000)
  eden space 7680K, 100% used [0x00000000eab00000,0x00000000eb280000,0x00000000eb280000)
  from space 2560K, 99% used [0x00000000eb280000,0x00000000eb4fe860,0x00000000eb500000)
  to   space 5632K, 31% used [0x00000000eb980000,0x00000000ebb36370,0x00000000ebf00000)
 ParOldGen       total 312320K, used 312318K [0x00000000c0000000, 0x00000000d3100000, 0x00000000eab00000)
  object space 312320K, 99% used [0x00000000c0000000,0x00000000d30ffaa0,0x00000000d3100000)
 Metaspace       used 57891K, committed 59200K, reserved 1114112K
  class space    used 5991K, committed 6528K, reserved 1048576K
GC Heap History (20 events):
Event: 9.243 GC heap after
{Heap after GC invocations=234 (full 2):
 PSYoungGen      total 4096K, used 992K [0x00000000eab00000, 0x00000000eb300000, 0x0000000100000000)
  eden space 3072K, 0% used [0x00000000eab00000,0x00000000eab00000,0x00000000eae00000)
  from space 1024K, 96% used [0x00000000eb000000,0x00000000eb0f8010,0x00000000eb100000)
  to   space 2048K, 0% used [0x00000000eae00000,0x00000000eae00000,0x00000000eb000000)
 ParOldGen       total 299520K, used 299110K [0x00000000c0000000, 0x00000000d2480000, 0x00000000eab00000)
  object space 299520K, 99% used [0x00000000c0000000,0x00000000d24198e8,0x00000000d2480000)
 Metaspace       used 57676K, committed 59008K, reserved 1114112K
  class space    used 5963K, committed 6528K, reserved 1048576K
}
Event: 9.250 GC heap before
{Heap before GC invocations=235 (full 2):
 PSYoungGen      total 4096K, used 4064K [0x00000000eab00000, 0x00000000eb300000, 0x0000000100000000)
  eden space 3072K, 100% used [0x00000000eab00000,0x00000000eae00000,0x00000000eae00000)
  from space 1024K, 96% used [0x00000000eb000000,0x00000000eb0f8010,0x00000000eb100000)
  to   space 2048K, 0% used [0x00000000eae00000,0x00000000eae00000,0x00000000eb000000)
 ParOldGen       total 299520K, used 299110K [0x00000000c0000000, 0x00000000d2480000, 0x00000000eab00000)
  object space 299520K, 99% used [0x00000000c0000000,0x00000000d24198e8,0x00000000d2480000)
 Metaspace       used 57703K, committed 59072K, reserved 1114112K
  class space    used 5969K, committed 6528K, reserved 1048576K
}
Event: 9.255 GC heap after
{Heap after GC invocations=235 (full 2):
 PSYoungGen      total 5120K, used 768K [0x00000000eab00000, 0x00000000eb200000, 0x0000000100000000)
  eden space 3072K, 0% used [0x00000000eab00000,0x00000000eab00000,0x00000000eae00000)
  from space 2048K, 37% used [0x00000000eae00000,0x00000000eaec0000,0x00000000eb000000)
  to   space 1536K, 0% used [0x00000000eb080000,0x00000000eb080000,0x00000000eb200000)
 ParOldGen       total 300544K, used 300265K [0x00000000c0000000, 0x00000000d2580000, 0x00000000eab00000)
  object space 300544K, 99% used [0x00000000c0000000,0x00000000d253a458,0x00000000d2580000)
 Metaspace       used 57703K, committed 59072K, reserved 1114112K
  class space    used 5969K, committed 6528K, reserved 1048576K
}
Event: 9.261 GC heap before
{Heap before GC invocations=236 (full 2):
 PSYoungGen      total 5120K, used 3832K [0x00000000eab00000, 0x00000000eb200000, 0x0000000100000000)
  eden space 3072K, 99% used [0x00000000eab00000,0x00000000eadfe180,0x00000000eae00000)
  from space 2048K, 37% used [0x00000000eae00000,0x00000000eaec0000,0x00000000eb000000)
  to   space 1536K, 0% used [0x00000000eb080000,0x00000000eb080000,0x00000000eb200000)
 ParOldGen       total 300544K, used 300265K [0x00000000c0000000, 0x00000000d2580000, 0x00000000eab00000)
  object space 300544K, 99% used [0x00000000c0000000,0x00000000d253a458,0x00000000d2580000)
 Metaspace       used 57703K, committed 59072K, reserved 1114112K
  class space    used 5969K, committed 6528K, reserved 1048576K
}
Event: 9.264 GC heap after
{Heap after GC invocations=236 (full 2):
 PSYoungGen      total 5120K, used 868K [0x00000000eab00000, 0x00000000eb180000, 0x0000000100000000)
  eden space 4096K, 0% used [0x00000000eab00000,0x00000000eab00000,0x00000000eaf00000)
  from space 1024K, 84% used [0x00000000eb080000,0x00000000eb1592f8,0x00000000eb180000)
  to   space 1024K, 0% used [0x00000000eaf80000,0x00000000eaf80000,0x00000000eb080000)
 ParOldGen       total 301056K, used 300910K [0x00000000c0000000, 0x00000000d2600000, 0x00000000eab00000)
  object space 301056K, 99% used [0x00000000c0000000,0x00000000d25db858,0x00000000d2600000)
 Metaspace       used 57703K, committed 59072K, reserved 1114112K
  class space    used 5969K, committed 6528K, reserved 1048576K
}
Event: 9.274 GC heap before
{Heap before GC invocations=237 (full 2):
 PSYoungGen      total 5120K, used 4964K [0x00000000eab00000, 0x00000000eb180000, 0x0000000100000000)
  eden space 4096K, 100% used [0x00000000eab00000,0x00000000eaf00000,0x00000000eaf00000)
  from space 1024K, 84% used [0x00000000eb080000,0x00000000eb1592f8,0x00000000eb180000)
  to   space 1024K, 0% used [0x00000000eaf80000,0x00000000eaf80000,0x00000000eb080000)
 ParOldGen       total 301056K, used 300910K [0x00000000c0000000, 0x00000000d2600000, 0x00000000eab00000)
  object space 301056K, 99% used [0x00000000c0000000,0x00000000d25db858,0x00000000d2600000)
 Metaspace       used 57710K, committed 59072K, reserved 1114112K
  class space    used 5969K, committed 6528K, reserved 1048576K
}
Event: 9.276 GC heap after
{Heap after GC invocations=237 (full 2):
 PSYoungGen      total 5632K, used 1011K [0x00000000eab00000, 0x00000000eb400000, 0x0000000100000000)
  eden space 4608K, 0% used [0x00000000eab00000,0x00000000eab00000,0x00000000eaf80000)
  from space 1024K, 98% used [0x00000000eaf80000,0x00000000eb07cc58,0x00000000eb080000)
  to   space 2048K, 0% used [0x00000000eb200000,0x00000000eb200000,0x00000000eb400000)
 ParOldGen       total 302080K, used 301691K [0x00000000c0000000, 0x00000000d2700000, 0x00000000eab00000)
  object space 302080K, 99% used [0x00000000c0000000,0x00000000d269ed30,0x00000000d2700000)
 Metaspace       used 57710K, committed 59072K, reserved 1114112K
  class space    used 5969K, committed 6528K, reserved 1048576K
}
Event: 9.282 GC heap before
{Heap before GC invocations=238 (full 2):
 PSYoungGen      total 5632K, used 5619K [0x00000000eab00000, 0x00000000eb400000, 0x0000000100000000)
  eden space 4608K, 100% used [0x00000000eab00000,0x00000000eaf80000,0x00000000eaf80000)
  from space 1024K, 98% used [0x00000000eaf80000,0x00000000eb07cc58,0x00000000eb080000)
  to   space 2048K, 0% used [0x00000000eb200000,0x00000000eb200000,0x00000000eb400000)
 ParOldGen       total 302080K, used 301691K [0x00000000c0000000, 0x00000000d2700000, 0x00000000eab00000)
  object space 302080K, 99% used [0x00000000c0000000,0x00000000d269ed30,0x00000000d2700000)
 Metaspace       used 57738K, committed 59072K, reserved 1114112K
  class space    used 5969K, committed 6528K, reserved 1048576K
}
Event: 9.283 GC heap after
{Heap after GC invocations=238 (full 2):
 PSYoungGen      total 7168K, used 1523K [0x00000000eab00000, 0x00000000eb480000, 0x0000000100000000)
  eden space 5120K, 0% used [0x00000000eab00000,0x00000000eab00000,0x00000000eb000000)
  from space 2048K, 74% used [0x00000000eb200000,0x00000000eb37cf58,0x00000000eb400000)
  to   space 2048K, 0% used [0x00000000eb000000,0x00000000eb000000,0x00000000eb200000)
 ParOldGen       total 303104K, used 302643K [0x00000000c0000000, 0x00000000d2800000, 0x00000000eab00000)
  object space 303104K, 99% used [0x00000000c0000000,0x00000000d278cf38,0x00000000d2800000)
 Metaspace       used 57738K, committed 59072K, reserved 1114112K
  class space    used 5969K, committed 6528K, reserved 1048576K
}
Event: 9.288 GC heap before
{Heap before GC invocations=239 (full 2):
 PSYoungGen      total 7168K, used 6643K [0x00000000eab00000, 0x00000000eb480000, 0x0000000100000000)
  eden space 5120K, 100% used [0x00000000eab00000,0x00000000eb000000,0x00000000eb000000)
  from space 2048K, 74% used [0x00000000eb200000,0x00000000eb37cf58,0x00000000eb400000)
  to   space 2048K, 0% used [0x00000000eb000000,0x00000000eb000000,0x00000000eb200000)
 ParOldGen       total 303104K, used 302643K [0x00000000c0000000, 0x00000000d2800000, 0x00000000eab00000)
  object space 303104K, 99% used [0x00000000c0000000,0x00000000d278cf38,0x00000000d2800000)
 Metaspace       used 57747K, committed 59072K, reserved 1114112K
  class space    used 5972K, committed 6528K, reserved 1048576K
}
Event: 9.290 GC heap after
{Heap after GC invocations=239 (full 2):
 PSYoungGen      total 7168K, used 1586K [0x00000000eab00000, 0x00000000eb500000, 0x0000000100000000)
  eden space 5120K, 0% used [0x00000000eab00000,0x00000000eab00000,0x00000000eb000000)
  from space 2048K, 77% used [0x00000000eb000000,0x00000000eb18c910,0x00000000eb200000)
  to   space 2048K, 0% used [0x00000000eb300000,0x00000000eb300000,0x00000000eb500000)
 ParOldGen       total 304128K, used 303991K [0x00000000c0000000, 0x00000000d2900000, 0x00000000eab00000)
  object space 304128K, 99% used [0x00000000c0000000,0x00000000d28dde58,0x00000000d2900000)
 Metaspace       used 57747K, committed 59072K, reserved 1114112K
  class space    used 5972K, committed 6528K, reserved 1048576K
}
Event: 9.294 GC heap before
{Heap before GC invocations=240 (full 2):
 PSYoungGen      total 7168K, used 6690K [0x00000000eab00000, 0x00000000eb500000, 0x0000000100000000)
  eden space 5120K, 99% used [0x00000000eab00000,0x00000000eaffbf40,0x00000000eb000000)
  from space 2048K, 77% used [0x00000000eb000000,0x00000000eb18c910,0x00000000eb200000)
  to   space 2048K, 0% used [0x00000000eb300000,0x00000000eb300000,0x00000000eb500000)
 ParOldGen       total 304128K, used 303991K [0x00000000c0000000, 0x00000000d2900000, 0x00000000eab00000)
  object space 304128K, 99% used [0x00000000c0000000,0x00000000d28dde58,0x00000000d2900000)
 Metaspace       used 57749K, committed 59072K, reserved 1114112K
  class space    used 5972K, committed 6528K, reserved 1048576K
}
Event: 9.298 GC heap after
{Heap after GC invocations=240 (full 2):
 PSYoungGen      total 8192K, used 1584K [0x00000000eab00000, 0x00000000eb500000, 0x0000000100000000)
  eden space 6144K, 0% used [0x00000000eab00000,0x00000000eab00000,0x00000000eb100000)
  from space 2048K, 77% used [0x00000000eb300000,0x00000000eb48c2e0,0x00000000eb500000)
  to   space 2048K, 0% used [0x00000000eb100000,0x00000000eb100000,0x00000000eb300000)
 ParOldGen       total 305664K, used 305405K [0x00000000c0000000, 0x00000000d2a80000, 0x00000000eab00000)
  object space 305664K, 99% used [0x00000000c0000000,0x00000000d2a3f648,0x00000000d2a80000)
 Metaspace       used 57749K, committed 59072K, reserved 1114112K
  class space    used 5972K, committed 6528K, reserved 1048576K
}
Event: 9.303 GC heap before
{Heap before GC invocations=241 (full 2):
 PSYoungGen      total 8192K, used 7728K [0x00000000eab00000, 0x00000000eb500000, 0x0000000100000000)
  eden space 6144K, 100% used [0x00000000eab00000,0x00000000eb100000,0x00000000eb100000)
  from space 2048K, 77% used [0x00000000eb300000,0x00000000eb48c2e0,0x00000000eb500000)
  to   space 2048K, 0% used [0x00000000eb100000,0x00000000eb100000,0x00000000eb300000)
 ParOldGen       total 305664K, used 305405K [0x00000000c0000000, 0x00000000d2a80000, 0x00000000eab00000)
  object space 305664K, 99% used [0x00000000c0000000,0x00000000d2a3f648,0x00000000d2a80000)
 Metaspace       used 57792K, committed 59136K, reserved 1114112K
  class space    used 5974K, committed 6528K, reserved 1048576K
}
Event: 9.304 GC heap after
{Heap after GC invocations=241 (full 2):
 PSYoungGen      total 8192K, used 1987K [0x00000000eab00000, 0x00000000eb780000, 0x0000000100000000)
  eden space 6144K, 0% used [0x00000000eab00000,0x00000000eab00000,0x00000000eb100000)
  from space 2048K, 97% used [0x00000000eb100000,0x00000000eb2f0fb0,0x00000000eb300000)
  to   space 2560K, 0% used [0x00000000eb500000,0x00000000eb500000,0x00000000eb780000)
 ParOldGen       total 307200K, used 306876K [0x00000000c0000000, 0x00000000d2c00000, 0x00000000eab00000)
  object space 307200K, 99% used [0x00000000c0000000,0x00000000d2baf0f8,0x00000000d2c00000)
 Metaspace       used 57792K, committed 59136K, reserved 1114112K
  class space    used 5974K, committed 6528K, reserved 1048576K
}
Event: 9.315 GC heap before
{Heap before GC invocations=242 (full 2):
 PSYoungGen      total 8192K, used 8131K [0x00000000eab00000, 0x00000000eb780000, 0x0000000100000000)
  eden space 6144K, 100% used [0x00000000eab00000,0x00000000eb100000,0x00000000eb100000)
  from space 2048K, 97% used [0x00000000eb100000,0x00000000eb2f0fb0,0x00000000eb300000)
  to   space 2560K, 0% used [0x00000000eb500000,0x00000000eb500000,0x00000000eb780000)
 ParOldGen       total 307200K, used 306876K [0x00000000c0000000, 0x00000000d2c00000, 0x00000000eab00000)
  object space 307200K, 99% used [0x00000000c0000000,0x00000000d2baf0f8,0x00000000d2c00000)
 Metaspace       used 57804K, committed 59136K, reserved 1114112K
  class space    used 5976K, committed 6528K, reserved 1048576K
}
Event: 9.317 GC heap after
{Heap after GC invocations=242 (full 2):
 PSYoungGen      total 10240K, used 2380K [0x00000000eab00000, 0x00000000eb780000, 0x0000000100000000)
  eden space 7680K, 0% used [0x00000000eab00000,0x00000000eab00000,0x00000000eb280000)
  from space 2560K, 92% used [0x00000000eb500000,0x00000000eb753280,0x00000000eb780000)
  to   space 2560K, 0% used [0x00000000eb280000,0x00000000eb280000,0x00000000eb500000)
 ParOldGen       total 309248K, used 308738K [0x00000000c0000000, 0x00000000d2e00000, 0x00000000eab00000)
  object space 309248K, 99% used [0x00000000c0000000,0x00000000d2d80868,0x00000000d2e00000)
 Metaspace       used 57804K, committed 59136K, reserved 1114112K
  class space    used 5976K, committed 6528K, reserved 1048576K
}
Event: 9.325 GC heap before
{Heap before GC invocations=243 (full 2):
 PSYoungGen      total 10240K, used 10050K [0x00000000eab00000, 0x00000000eb780000, 0x0000000100000000)
  eden space 7680K, 99% used [0x00000000eab00000,0x00000000eb27d900,0x00000000eb280000)
  from space 2560K, 92% used [0x00000000eb500000,0x00000000eb753280,0x00000000eb780000)
  to   space 2560K, 0% used [0x00000000eb280000,0x00000000eb280000,0x00000000eb500000)
 ParOldGen       total 309248K, used 308738K [0x00000000c0000000, 0x00000000d2e00000, 0x00000000eab00000)
  object space 309248K, 99% used [0x00000000c0000000,0x00000000d2d80868,0x00000000d2e00000)
 Metaspace       used 57846K, committed 59136K, reserved 1114112K
  class space    used 5988K, committed 6528K, reserved 1048576K
}
Event: 9.428 GC heap after
{Heap after GC invocations=243 (full 2):
 PSYoungGen      total 10240K, used 2554K [0x00000000eab00000, 0x00000000ebf00000, 0x0000000100000000)
  eden space 7680K, 0% used [0x00000000eab00000,0x00000000eab00000,0x00000000eb280000)
  from space 2560K, 99% used [0x00000000eb280000,0x00000000eb4fe860,0x00000000eb500000)
  to   space 5632K, 0% used [0x00000000eb980000,0x00000000eb980000,0x00000000ebf00000)
 ParOldGen       total 311296K, used 311033K [0x00000000c0000000, 0x00000000d3000000, 0x00000000eab00000)
  object space 311296K, 99% used [0x00000000c0000000,0x00000000d2fbe4a8,0x00000000d3000000)
 Metaspace       used 57846K, committed 59136K, reserved 1114112K
  class space    used 5988K, committed 6528K, reserved 1048576K
}
Event: 9.436 GC heap before
{Heap before GC invocations=244 (full 2):
 PSYoungGen      total 10240K, used 10234K [0x00000000eab00000, 0x00000000ebf00000, 0x0000000100000000)
  eden space 7680K, 100% used [0x00000000eab00000,0x00000000eb280000,0x00000000eb280000)
  from space 2560K, 99% used [0x00000000eb280000,0x00000000eb4fe860,0x00000000eb500000)
  to   space 5632K, 0% used [0x00000000eb980000,0x00000000eb980000,0x00000000ebf00000)
 ParOldGen       total 311296K, used 311033K [0x00000000c0000000, 0x00000000d3000000, 0x00000000eab00000)
  object space 311296K, 99% used [0x00000000c0000000,0x00000000d2fbe4a8,0x00000000d3000000)
 Metaspace       used 57891K, committed 59200K, reserved 1114112K
  class space    used 5991K, committed 6528K, reserved 1048576K
}

