# JRE version: OpenJDK Runtime Environment Temurin-21.0.6+7 (21.0.6+7) (build 21.0.6+7-LTS)
# Java VM: OpenJDK 64-Bit Server VM Temurin-21.0.6+7 (21.0.6+7-LTS, mixed mode, sharing, tiered, compressed oops, compressed class ptrs, parallel gc, windows-amd64)
GC Precious Log:
 CardTable entry size: 512
 CPUs: 12 total, 12 available
 Memory: 32451M
 Large Page Support: Disabled
 NUMA Support: Disabled
 Compressed Oops: Enabled (32-bit)
 Alignments: Space 512K, Generation 512K, Heap 2M
 Heap Min Capacity: 100M
 Heap Initial Capacity: 100M
 Heap Max Capacity: 1G
 Pre-touch: Disabled
 Parallel Workers: 10
Heap:
 PSYoungGen      total 3072K, used 2937K [0x00000000eab00000, 0x00000000eaf80000, 0x0000000100000000)
  eden space 2560K, 99% used [0x00000000eab00000,0x00000000ead7fc98,0x00000000ead80000)
  from space 512K, 73% used [0x00000000eae80000,0x00000000eaede900,0x00000000eaf00000)
  to   space 512K, 0% used [0x00000000eaf00000,0x00000000eaf00000,0x00000000eaf80000)
 ParOldGen       total 401408K, used 401147K [0x00000000c0000000, 0x00000000d8800000, 0x00000000eab00000)
  object space 401408K, 99% used [0x00000000c0000000,0x00000000d87bed30,0x00000000d8800000)
 Metaspace       used 86407K, committed 88192K, reserved 1179648K
  class space    used 9639K, committed 10432K, reserved 1048576K
GC Heap History (20 events):
Event: 229.159 GC heap before
{Heap before GC invocations=1803 (full 5):
 PSYoungGen      total 3072K, used 2946K [0x00000000eab00000, 0x00000000eaf80000, 0x0000000100000000)
  eden space 2560K, 100% used [0x00000000eab00000,0x00000000ead80000,0x00000000ead80000)
  from space 512K, 75% used [0x00000000eae80000,0x00000000eaee08c8,0x00000000eaf00000)
  to   space 512K, 0% used [0x00000000eaf00000,0x00000000eaf00000,0x00000000eaf80000)
 ParOldGen       total 399360K, used 398992K [0x00000000c0000000, 0x00000000d8600000, 0x00000000eab00000)
  object space 399360K, 99% used [0x00000000c0000000,0x00000000d85a4188,0x00000000d8600000)
 Metaspace       used 86237K, committed 87936K, reserved 1179648K
  class space    used 9610K, committed 10368K, reserved 1048576K
}
Event: 229.160 GC heap after
{Heap after GC invocations=1803 (full 5):
 PSYoungGen      total 3072K, used 394K [0x00000000eab00000, 0x00000000eaf80000, 0x0000000100000000)
  eden space 2560K, 0% used [0x00000000eab00000,0x00000000eab00000,0x00000000ead80000)
  from space 512K, 76% used [0x00000000eaf00000,0x00000000eaf62800,0x00000000eaf80000)
  to   space 512K, 0% used [0x00000000eae80000,0x00000000eae80000,0x00000000eaf00000)
 ParOldGen       total 399360K, used 399084K [0x00000000c0000000, 0x00000000d8600000, 0x00000000eab00000)
  object space 399360K, 99% used [0x00000000c0000000,0x00000000d85bb258,0x00000000d8600000)
 Metaspace       used 86237K, committed 87936K, reserved 1179648K
  class space    used 9610K, committed 10368K, reserved 1048576K
}
Event: 229.367 GC heap before
{Heap before GC invocations=1804 (full 5):
 PSYoungGen      total 3072K, used 2954K [0x00000000eab00000, 0x00000000eaf80000, 0x0000000100000000)
  eden space 2560K, 100% used [0x00000000eab00000,0x00000000ead80000,0x00000000ead80000)
  from space 512K, 76% used [0x00000000eaf00000,0x00000000eaf62800,0x00000000eaf80000)
  to   space 512K, 0% used [0x00000000eae80000,0x00000000eae80000,0x00000000eaf00000)
 ParOldGen       total 399360K, used 399084K [0x00000000c0000000, 0x00000000d8600000, 0x00000000eab00000)
  object space 399360K, 99% used [0x00000000c0000000,0x00000000d85bb258,0x00000000d8600000)
 Metaspace       used 86286K, committed 88064K, reserved 1179648K
  class space    used 9619K, committed 10432K, reserved 1048576K
}
Event: 229.369 GC heap after
{Heap after GC invocations=1804 (full 5):
 PSYoungGen      total 3072K, used 504K [0x00000000eab00000, 0x00000000eaf80000, 0x0000000100000000)
  eden space 2560K, 0% used [0x00000000eab00000,0x00000000eab00000,0x00000000ead80000)
  from space 512K, 98% used [0x00000000eae80000,0x00000000eaefe100,0x00000000eaf00000)
  to   space 512K, 0% used [0x00000000eaf00000,0x00000000eaf00000,0x00000000eaf80000)
 ParOldGen       total 399872K, used 399390K [0x00000000c0000000, 0x00000000d8680000, 0x00000000eab00000)
  object space 399872K, 99% used [0x00000000c0000000,0x00000000d8607ac8,0x00000000d8680000)
 Metaspace       used 86286K, committed 88064K, reserved 1179648K
  class space    used 9619K, committed 10432K, reserved 1048576K
}
Event: 229.487 GC heap before
{Heap before GC invocations=1805 (full 5):
 PSYoungGen      total 3072K, used 3064K [0x00000000eab00000, 0x00000000eaf80000, 0x0000000100000000)
  eden space 2560K, 100% used [0x00000000eab00000,0x00000000ead80000,0x00000000ead80000)
  from space 512K, 98% used [0x00000000eae80000,0x00000000eaefe100,0x00000000eaf00000)
  to   space 512K, 0% used [0x00000000eaf00000,0x00000000eaf00000,0x00000000eaf80000)
 ParOldGen       total 399872K, used 399390K [0x00000000c0000000, 0x00000000d8680000, 0x00000000eab00000)
  object space 399872K, 99% used [0x00000000c0000000,0x00000000d8607ac8,0x00000000d8680000)
 Metaspace       used 86286K, committed 88064K, reserved 1179648K
  class space    used 9619K, committed 10432K, reserved 1048576K
}
Event: 229.489 GC heap after
{Heap after GC invocations=1805 (full 5):
 PSYoungGen      total 3072K, used 219K [0x00000000eab00000, 0x00000000eaf80000, 0x0000000100000000)
  eden space 2560K, 0% used [0x00000000eab00000,0x00000000eab00000,0x00000000ead80000)
  from space 512K, 42% used [0x00000000eaf00000,0x00000000eaf36ef0,0x00000000eaf80000)
  to   space 512K, 0% used [0x00000000eae80000,0x00000000eae80000,0x00000000eaf00000)
 ParOldGen       total 399872K, used 399853K [0x00000000c0000000, 0x00000000d8680000, 0x00000000eab00000)
  object space 399872K, 99% used [0x00000000c0000000,0x00000000d867b408,0x00000000d8680000)
 Metaspace       used 86286K, committed 88064K, reserved 1179648K
  class space    used 9619K, committed 10432K, reserved 1048576K
}
Event: 229.596 GC heap before
{Heap before GC invocations=1806 (full 5):
 PSYoungGen      total 3072K, used 2779K [0x00000000eab00000, 0x00000000eaf80000, 0x0000000100000000)
  eden space 2560K, 100% used [0x00000000eab00000,0x00000000ead80000,0x00000000ead80000)
  from space 512K, 42% used [0x00000000eaf00000,0x00000000eaf36ef0,0x00000000eaf80000)
  to   space 512K, 0% used [0x00000000eae80000,0x00000000eae80000,0x00000000eaf00000)
 ParOldGen       total 399872K, used 399853K [0x00000000c0000000, 0x00000000d8680000, 0x00000000eab00000)
  object space 399872K, 99% used [0x00000000c0000000,0x00000000d867b408,0x00000000d8680000)
 Metaspace       used 86286K, committed 88064K, reserved 1179648K
  class space    used 9619K, committed 10432K, reserved 1048576K
}
Event: 229.598 GC heap after
{Heap after GC invocations=1806 (full 5):
 PSYoungGen      total 3072K, used 505K [0x00000000eab00000, 0x00000000eaf80000, 0x0000000100000000)
  eden space 2560K, 0% used [0x00000000eab00000,0x00000000eab00000,0x00000000ead80000)
  from space 512K, 98% used [0x00000000eae80000,0x00000000eaefe7e8,0x00000000eaf00000)
  to   space 512K, 0% used [0x00000000eaf00000,0x00000000eaf00000,0x00000000eaf80000)
 ParOldGen       total 400384K, used 400010K [0x00000000c0000000, 0x00000000d8700000, 0x00000000eab00000)
  object space 400384K, 99% used [0x00000000c0000000,0x00000000d86a2938,0x00000000d8700000)
 Metaspace       used 86286K, committed 88064K, reserved 1179648K
  class space    used 9619K, committed 10432K, reserved 1048576K
}
Event: 229.660 GC heap before
{Heap before GC invocations=1807 (full 5):
 PSYoungGen      total 3072K, used 3065K [0x00000000eab00000, 0x00000000eaf80000, 0x0000000100000000)
  eden space 2560K, 100% used [0x00000000eab00000,0x00000000ead80000,0x00000000ead80000)
  from space 512K, 98% used [0x00000000eae80000,0x00000000eaefe7e8,0x00000000eaf00000)
  to   space 512K, 0% used [0x00000000eaf00000,0x00000000eaf00000,0x00000000eaf80000)
 ParOldGen       total 400384K, used 400010K [0x00000000c0000000, 0x00000000d8700000, 0x00000000eab00000)
  object space 400384K, 99% used [0x00000000c0000000,0x00000000d86a2938,0x00000000d8700000)
 Metaspace       used 86286K, committed 88064K, reserved 1179648K
  class space    used 9619K, committed 10432K, reserved 1048576K
}
Event: 229.661 GC heap after
{Heap after GC invocations=1807 (full 5):
 PSYoungGen      total 3072K, used 208K [0x00000000eab00000, 0x00000000eaf80000, 0x0000000100000000)
  eden space 2560K, 0% used [0x00000000eab00000,0x00000000eab00000,0x00000000ead80000)
  from space 512K, 40% used [0x00000000eaf00000,0x00000000eaf34218,0x00000000eaf80000)
  to   space 512K, 0% used [0x00000000eae80000,0x00000000eae80000,0x00000000eaf00000)
 ParOldGen       total 400896K, used 400407K [0x00000000c0000000, 0x00000000d8780000, 0x00000000eab00000)
  object space 400896K, 99% used [0x00000000c0000000,0x00000000d8705cf0,0x00000000d8780000)
 Metaspace       used 86286K, committed 88064K, reserved 1179648K
  class space    used 9619K, committed 10432K, reserved 1048576K
}
Event: 229.692 GC heap before
{Heap before GC invocations=1808 (full 5):
 PSYoungGen      total 3072K, used 2752K [0x00000000eab00000, 0x00000000eaf80000, 0x0000000100000000)
  eden space 2560K, 99% used [0x00000000eab00000,0x00000000ead7c058,0x00000000ead80000)
  from space 512K, 40% used [0x00000000eaf00000,0x00000000eaf34218,0x00000000eaf80000)
  to   space 512K, 0% used [0x00000000eae80000,0x00000000eae80000,0x00000000eaf00000)
 ParOldGen       total 400896K, used 400407K [0x00000000c0000000, 0x00000000d8780000, 0x00000000eab00000)
  object space 400896K, 99% used [0x00000000c0000000,0x00000000d8705cf0,0x00000000d8780000)
 Metaspace       used 86286K, committed 88064K, reserved 1179648K
  class space    used 9619K, committed 10432K, reserved 1048576K
}
Event: 229.694 GC heap after
{Heap after GC invocations=1808 (full 5):
 PSYoungGen      total 3072K, used 256K [0x00000000eab00000, 0x00000000eaf80000, 0x0000000100000000)
  eden space 2560K, 0% used [0x00000000eab00000,0x00000000eab00000,0x00000000ead80000)
  from space 512K, 50% used [0x00000000eae80000,0x00000000eaec0000,0x00000000eaf00000)
  to   space 512K, 0% used [0x00000000eaf00000,0x00000000eaf00000,0x00000000eaf80000)
 ParOldGen       total 400896K, used 400455K [0x00000000c0000000, 0x00000000d8780000, 0x00000000eab00000)
  object space 400896K, 99% used [0x00000000c0000000,0x00000000d8711cf0,0x00000000d8780000)
 Metaspace       used 86286K, committed 88064K, reserved 1179648K
  class space    used 9619K, committed 10432K, reserved 1048576K
}
Event: 229.761 GC heap before
{Heap before GC invocations=1809 (full 5):
 PSYoungGen      total 3072K, used 2816K [0x00000000eab00000, 0x00000000eaf80000, 0x0000000100000000)
  eden space 2560K, 100% used [0x00000000eab00000,0x00000000ead80000,0x00000000ead80000)
  from space 512K, 50% used [0x00000000eae80000,0x00000000eaec0000,0x00000000eaf00000)
  to   space 512K, 0% used [0x00000000eaf00000,0x00000000eaf00000,0x00000000eaf80000)
 ParOldGen       total 400896K, used 400455K [0x00000000c0000000, 0x00000000d8780000, 0x00000000eab00000)
  object space 400896K, 99% used [0x00000000c0000000,0x00000000d8711cf0,0x00000000d8780000)
 Metaspace       used 86286K, committed 88064K, reserved 1179648K
  class space    used 9619K, committed 10432K, reserved 1048576K
}
Event: 229.762 GC heap after
{Heap after GC invocations=1809 (full 5):
 PSYoungGen      total 3072K, used 224K [0x00000000eab00000, 0x00000000eaf80000, 0x0000000100000000)
  eden space 2560K, 0% used [0x00000000eab00000,0x00000000eab00000,0x00000000ead80000)
  from space 512K, 43% used [0x00000000eaf00000,0x00000000eaf38000,0x00000000eaf80000)
  to   space 512K, 0% used [0x00000000eae80000,0x00000000eae80000,0x00000000eaf00000)
 ParOldGen       total 400896K, used 400527K [0x00000000c0000000, 0x00000000d8780000, 0x00000000eab00000)
  object space 400896K, 99% used [0x00000000c0000000,0x00000000d8723cf0,0x00000000d8780000)
 Metaspace       used 86286K, committed 88064K, reserved 1179648K
  class space    used 9619K, committed 10432K, reserved 1048576K
}
Event: 229.819 GC heap before
{Heap before GC invocations=1810 (full 5):
 PSYoungGen      total 3072K, used 2784K [0x00000000eab00000, 0x00000000eaf80000, 0x0000000100000000)
  eden space 2560K, 100% used [0x00000000eab00000,0x00000000ead80000,0x00000000ead80000)
  from space 512K, 43% used [0x00000000eaf00000,0x00000000eaf38000,0x00000000eaf80000)
  to   space 512K, 0% used [0x00000000eae80000,0x00000000eae80000,0x00000000eaf00000)
 ParOldGen       total 400896K, used 400527K [0x00000000c0000000, 0x00000000d8780000, 0x00000000eab00000)
  object space 400896K, 99% used [0x00000000c0000000,0x00000000d8723cf0,0x00000000d8780000)
 Metaspace       used 86286K, committed 88064K, reserved 1179648K
  class space    used 9619K, committed 10432K, reserved 1048576K
}
Event: 229.820 GC heap after
{Heap after GC invocations=1810 (full 5):
 PSYoungGen      total 3072K, used 320K [0x00000000eab00000, 0x00000000eaf80000, 0x0000000100000000)
  eden space 2560K, 0% used [0x00000000eab00000,0x00000000eab00000,0x00000000ead80000)
  from space 512K, 62% used [0x00000000eae80000,0x00000000eaed0000,0x00000000eaf00000)
  to   space 512K, 0% used [0x00000000eaf00000,0x00000000eaf00000,0x00000000eaf80000)
 ParOldGen       total 400896K, used 400623K [0x00000000c0000000, 0x00000000d8780000, 0x00000000eab00000)
  object space 400896K, 99% used [0x00000000c0000000,0x00000000d873bd00,0x00000000d8780000)
 Metaspace       used 86286K, committed 88064K, reserved 1179648K
  class space    used 9619K, committed 10432K, reserved 1048576K
}
Event: 230.188 GC heap before
{Heap before GC invocations=1811 (full 5):
 PSYoungGen      total 3072K, used 2880K [0x00000000eab00000, 0x00000000eaf80000, 0x0000000100000000)
  eden space 2560K, 100% used [0x00000000eab00000,0x00000000ead80000,0x00000000ead80000)
  from space 512K, 62% used [0x00000000eae80000,0x00000000eaed0000,0x00000000eaf00000)
  to   space 512K, 0% used [0x00000000eaf00000,0x00000000eaf00000,0x00000000eaf80000)
 ParOldGen       total 400896K, used 400623K [0x00000000c0000000, 0x00000000d8780000, 0x00000000eab00000)
  object space 400896K, 99% used [0x00000000c0000000,0x00000000d873bd00,0x00000000d8780000)
 Metaspace       used 86320K, committed 88064K, reserved 1179648K
  class space    used 9624K, committed 10432K, reserved 1048576K
}
Event: 230.190 GC heap after
{Heap after GC invocations=1811 (full 5):
 PSYoungGen      total 3072K, used 224K [0x00000000eab00000, 0x00000000eaf80000, 0x0000000100000000)
  eden space 2560K, 0% used [0x00000000eab00000,0x00000000eab00000,0x00000000ead80000)
  from space 512K, 43% used [0x00000000eaf00000,0x00000000eaf38000,0x00000000eaf80000)
  to   space 512K, 0% used [0x00000000eae80000,0x00000000eae80000,0x00000000eaf00000)
 ParOldGen       total 400896K, used 400719K [0x00000000c0000000, 0x00000000d8780000, 0x00000000eab00000)
  object space 400896K, 99% used [0x00000000c0000000,0x00000000d8753d00,0x00000000d8780000)
 Metaspace       used 86320K, committed 88064K, reserved 1179648K
  class space    used 9624K, committed 10432K, reserved 1048576K
}
Event: 230.315 GC heap before
{Heap before GC invocations=1812 (full 5):
 PSYoungGen      total 3072K, used 2784K [0x00000000eab00000, 0x00000000eaf80000, 0x0000000100000000)
  eden space 2560K, 100% used [0x00000000eab00000,0x00000000ead80000,0x00000000ead80000)
  from space 512K, 43% used [0x00000000eaf00000,0x00000000eaf38000,0x00000000eaf80000)
  to   space 512K, 0% used [0x00000000eae80000,0x00000000eae80000,0x00000000eaf00000)
 ParOldGen       total 400896K, used 400719K [0x00000000c0000000, 0x00000000d8780000, 0x00000000eab00000)
  object space 400896K, 99% used [0x00000000c0000000,0x00000000d8753d00,0x00000000d8780000)
 Metaspace       used 86320K, committed 88064K, reserved 1179648K
  class space    used 9624K, committed 10432K, reserved 1048576K
}
Event: 230.317 GC heap after
{Heap after GC invocations=1812 (full 5):
 PSYoungGen      total 3072K, used 192K [0x00000000eab00000, 0x00000000eaf80000, 0x0000000100000000)
  eden space 2560K, 0% used [0x00000000eab00000,0x00000000eab00000,0x00000000ead80000)
  from space 512K, 37% used [0x00000000eae80000,0x00000000eaeb0000,0x00000000eaf00000)
  to   space 512K, 0% used [0x00000000eaf00000,0x00000000eaf00000,0x00000000eaf80000)
 ParOldGen       total 400896K, used 400887K [0x00000000c0000000, 0x00000000d8780000, 0x00000000eab00000)
  object space 400896K, 99% used [0x00000000c0000000,0x00000000d877dd00,0x00000000d8780000)
 Metaspace       used 86320K, committed 88064K, reserved 1179648K
  class space    used 9624K, committed 10432K, reserved 1048576K
}

