# JRE version: OpenJDK Runtime Environment Temurin-21.0.5+11 (21.0.5+11) (build 21.0.5+11-LTS)
# Java VM: OpenJDK 64-Bit Server VM Temurin-21.0.5+11 (21.0.5+11-LTS, mixed mode, sharing, tiered, compressed oops, compressed class ptrs, parallel gc, windows-amd64)
GC Precious Log:
 CardTable entry size: 512
 CPUs: 12 total, 12 available
 Memory: 32451M
 Large Page Support: Disabled
 NUMA Support: Disabled
 Compressed Oops: Enabled (32-bit)
 Alignments: Space 512K, Generation 512K, Heap 2M
 Heap Min Capacity: 100M
 Heap Initial Capacity: 100M
 Heap Max Capacity: 1G
 Pre-touch: Disabled
 Parallel Workers: 10
Heap:
 PSYoungGen      total 4096K, used 2448K [0x00000000eab00000, 0x00000000eb080000, 0x0000000100000000)
  eden space 3072K, 55% used [0x00000000eab00000,0x00000000eaca8378,0x00000000eae00000)
  from space 1024K, 73% used [0x00000000eaf80000,0x00000000eb03bd58,0x00000000eb080000)
  to   space 1024K, 0% used [0x00000000eae00000,0x00000000eae00000,0x00000000eaf00000)
 ParOldGen       total 214016K, used 214012K [0x00000000c0000000, 0x00000000cd100000, 0x00000000eab00000)
  object space 214016K, 99% used [0x00000000c0000000,0x00000000cd0ff2a8,0x00000000cd100000)
 Metaspace       used 55233K, committed 56448K, reserved 1114112K
  class space    used 5751K, committed 6272K, reserved 1048576K
GC Heap History (20 events):
Event: 7.538 GC heap before
{Heap before GC invocations=109 (full 2):
 PSYoungGen      total 5632K, used 5282K [0x00000000eab00000, 0x00000000eb200000, 0x0000000100000000)
  eden space 4096K, 100% used [0x00000000eab00000,0x00000000eaf00000,0x00000000eaf00000)
  from space 1536K, 77% used [0x00000000eb080000,0x00000000eb1a8b58,0x00000000eb200000)
  to   space 1536K, 0% used [0x00000000eaf00000,0x00000000eaf00000,0x00000000eb080000)
 ParOldGen       total 202240K, used 201756K [0x00000000c0000000, 0x00000000cc580000, 0x00000000eab00000)
  object space 202240K, 99% used [0x00000000c0000000,0x00000000cc507360,0x00000000cc580000)
 Metaspace       used 54797K, committed 56000K, reserved 1114112K
  class space    used 5719K, committed 6208K, reserved 1048576K
}
Event: 7.540 GC heap after
{Heap after GC invocations=109 (full 2):
 PSYoungGen      total 5632K, used 1081K [0x00000000eab00000, 0x00000000eb200000, 0x0000000100000000)
  eden space 4096K, 0% used [0x00000000eab00000,0x00000000eab00000,0x00000000eaf00000)
  from space 1536K, 70% used [0x00000000eaf00000,0x00000000eb00e558,0x00000000eb080000)
  to   space 1536K, 0% used [0x00000000eb080000,0x00000000eb080000,0x00000000eb200000)
 ParOldGen       total 202752K, used 202654K [0x00000000c0000000, 0x00000000cc600000, 0x00000000eab00000)
  object space 202752K, 99% used [0x00000000c0000000,0x00000000cc5e7b40,0x00000000cc600000)
 Metaspace       used 54797K, committed 56000K, reserved 1114112K
  class space    used 5719K, committed 6208K, reserved 1048576K
}
Event: 7.548 GC heap before
{Heap before GC invocations=110 (full 2):
 PSYoungGen      total 5632K, used 5177K [0x00000000eab00000, 0x00000000eb200000, 0x0000000100000000)
  eden space 4096K, 100% used [0x00000000eab00000,0x00000000eaf00000,0x00000000eaf00000)
  from space 1536K, 70% used [0x00000000eaf00000,0x00000000eb00e558,0x00000000eb080000)
  to   space 1536K, 0% used [0x00000000eb080000,0x00000000eb080000,0x00000000eb200000)
 ParOldGen       total 202752K, used 202654K [0x00000000c0000000, 0x00000000cc600000, 0x00000000eab00000)
  object space 202752K, 99% used [0x00000000c0000000,0x00000000cc5e7b40,0x00000000cc600000)
 Metaspace       used 54821K, committed 56000K, reserved 1114112K
  class space    used 5724K, committed 6208K, reserved 1048576K
}
Event: 7.551 GC heap after
{Heap after GC invocations=110 (full 2):
 PSYoungGen      total 6144K, used 908K [0x00000000eab00000, 0x00000000eb200000, 0x0000000100000000)
  eden space 4608K, 0% used [0x00000000eab00000,0x00000000eab00000,0x00000000eaf80000)
  from space 1536K, 59% used [0x00000000eb080000,0x00000000eb163310,0x00000000eb200000)
  to   space 1024K, 0% used [0x00000000eaf80000,0x00000000eaf80000,0x00000000eb080000)
 ParOldGen       total 203776K, used 203569K [0x00000000c0000000, 0x00000000cc700000, 0x00000000eab00000)
  object space 203776K, 99% used [0x00000000c0000000,0x00000000cc6cc7d8,0x00000000cc700000)
 Metaspace       used 54821K, committed 56000K, reserved 1114112K
  class space    used 5724K, committed 6208K, reserved 1048576K
}
Event: 7.558 GC heap before
{Heap before GC invocations=111 (full 2):
 PSYoungGen      total 6144K, used 5516K [0x00000000eab00000, 0x00000000eb200000, 0x0000000100000000)
  eden space 4608K, 100% used [0x00000000eab00000,0x00000000eaf80000,0x00000000eaf80000)
  from space 1536K, 59% used [0x00000000eb080000,0x00000000eb163310,0x00000000eb200000)
  to   space 1024K, 0% used [0x00000000eaf80000,0x00000000eaf80000,0x00000000eb080000)
 ParOldGen       total 203776K, used 203569K [0x00000000c0000000, 0x00000000cc700000, 0x00000000eab00000)
  object space 203776K, 99% used [0x00000000c0000000,0x00000000cc6cc7d8,0x00000000cc700000)
 Metaspace       used 54848K, committed 56000K, reserved 1114112K
  class space    used 5725K, committed 6208K, reserved 1048576K
}
Event: 7.559 GC heap after
{Heap after GC invocations=111 (full 2):
 PSYoungGen      total 5632K, used 1017K [0x00000000eab00000, 0x00000000eb480000, 0x0000000100000000)
  eden space 4608K, 0% used [0x00000000eab00000,0x00000000eab00000,0x00000000eaf80000)
  from space 1024K, 99% used [0x00000000eaf80000,0x00000000eb07e6a8,0x00000000eb080000)
  to   space 2560K, 0% used [0x00000000eb200000,0x00000000eb200000,0x00000000eb480000)
 ParOldGen       total 204800K, used 204480K [0x00000000c0000000, 0x00000000cc800000, 0x00000000eab00000)
  object space 204800K, 99% used [0x00000000c0000000,0x00000000cc7b0060,0x00000000cc800000)
 Metaspace       used 54848K, committed 56000K, reserved 1114112K
  class space    used 5725K, committed 6208K, reserved 1048576K
}
Event: 7.574 GC heap before
{Heap before GC invocations=112 (full 2):
 PSYoungGen      total 5632K, used 5625K [0x00000000eab00000, 0x00000000eb480000, 0x0000000100000000)
  eden space 4608K, 100% used [0x00000000eab00000,0x00000000eaf80000,0x00000000eaf80000)
  from space 1024K, 99% used [0x00000000eaf80000,0x00000000eb07e6a8,0x00000000eb080000)
  to   space 2560K, 0% used [0x00000000eb200000,0x00000000eb200000,0x00000000eb480000)
 ParOldGen       total 204800K, used 204480K [0x00000000c0000000, 0x00000000cc800000, 0x00000000eab00000)
  object space 204800K, 99% used [0x00000000c0000000,0x00000000cc7b0060,0x00000000cc800000)
 Metaspace       used 55000K, committed 56256K, reserved 1114112K
  class space    used 5735K, committed 6272K, reserved 1048576K
}
Event: 7.576 GC heap after
{Heap after GC invocations=112 (full 2):
 PSYoungGen      total 5632K, used 1008K [0x00000000eab00000, 0x00000000eb300000, 0x0000000100000000)
  eden space 4608K, 0% used [0x00000000eab00000,0x00000000eab00000,0x00000000eaf80000)
  from space 1024K, 98% used [0x00000000eb200000,0x00000000eb2fc238,0x00000000eb300000)
  to   space 1536K, 0% used [0x00000000eb000000,0x00000000eb000000,0x00000000eb180000)
 ParOldGen       total 205824K, used 205416K [0x00000000c0000000, 0x00000000cc900000, 0x00000000eab00000)
  object space 205824K, 99% used [0x00000000c0000000,0x00000000cc89a3b8,0x00000000cc900000)
 Metaspace       used 55000K, committed 56256K, reserved 1114112K
  class space    used 5735K, committed 6272K, reserved 1048576K
}
Event: 7.591 GC heap before
{Heap before GC invocations=113 (full 2):
 PSYoungGen      total 5632K, used 5616K [0x00000000eab00000, 0x00000000eb300000, 0x0000000100000000)
  eden space 4608K, 100% used [0x00000000eab00000,0x00000000eaf80000,0x00000000eaf80000)
  from space 1024K, 98% used [0x00000000eb200000,0x00000000eb2fc238,0x00000000eb300000)
  to   space 1536K, 0% used [0x00000000eb000000,0x00000000eb000000,0x00000000eb180000)
 ParOldGen       total 205824K, used 205416K [0x00000000c0000000, 0x00000000cc900000, 0x00000000eab00000)
  object space 205824K, 99% used [0x00000000c0000000,0x00000000cc89a3b8,0x00000000cc900000)
 Metaspace       used 55026K, committed 56256K, reserved 1114112K
  class space    used 5740K, committed 6272K, reserved 1048576K
}
Event: 7.593 GC heap after
{Heap after GC invocations=113 (full 2):
 PSYoungGen      total 6144K, used 1102K [0x00000000eab00000, 0x00000000eb280000, 0x0000000100000000)
  eden space 4608K, 0% used [0x00000000eab00000,0x00000000eab00000,0x00000000eaf80000)
  from space 1536K, 71% used [0x00000000eb000000,0x00000000eb113880,0x00000000eb180000)
  to   space 1024K, 0% used [0x00000000eb180000,0x00000000eb180000,0x00000000eb280000)
 ParOldGen       total 206336K, used 206299K [0x00000000c0000000, 0x00000000cc980000, 0x00000000eab00000)
  object space 206336K, 99% used [0x00000000c0000000,0x00000000cc976c50,0x00000000cc980000)
 Metaspace       used 55026K, committed 56256K, reserved 1114112K
  class space    used 5740K, committed 6272K, reserved 1048576K
}
Event: 7.606 GC heap before
{Heap before GC invocations=114 (full 2):
 PSYoungGen      total 6144K, used 5710K [0x00000000eab00000, 0x00000000eb280000, 0x0000000100000000)
  eden space 4608K, 100% used [0x00000000eab00000,0x00000000eaf80000,0x00000000eaf80000)
  from space 1536K, 71% used [0x00000000eb000000,0x00000000eb113880,0x00000000eb180000)
  to   space 1024K, 0% used [0x00000000eb180000,0x00000000eb180000,0x00000000eb280000)
 ParOldGen       total 206336K, used 206299K [0x00000000c0000000, 0x00000000cc980000, 0x00000000eab00000)
  object space 206336K, 99% used [0x00000000c0000000,0x00000000cc976c50,0x00000000cc980000)
 Metaspace       used 55071K, committed 56320K, reserved 1114112K
  class space    used 5741K, committed 6272K, reserved 1048576K
}
Event: 7.607 GC heap after
{Heap after GC invocations=114 (full 2):
 PSYoungGen      total 5120K, used 1005K [0x00000000eab00000, 0x00000000eb480000, 0x0000000100000000)
  eden space 4096K, 0% used [0x00000000eab00000,0x00000000eab00000,0x00000000eaf00000)
  from space 1024K, 98% used [0x00000000eb180000,0x00000000eb27b440,0x00000000eb280000)
  to   space 2560K, 0% used [0x00000000eaf00000,0x00000000eaf00000,0x00000000eb180000)
 ParOldGen       total 207360K, used 207304K [0x00000000c0000000, 0x00000000cca80000, 0x00000000eab00000)
  object space 207360K, 99% used [0x00000000c0000000,0x00000000cca72310,0x00000000cca80000)
 Metaspace       used 55071K, committed 56320K, reserved 1114112K
  class space    used 5741K, committed 6272K, reserved 1048576K
}
Event: 7.621 GC heap before
{Heap before GC invocations=115 (full 2):
 PSYoungGen      total 5120K, used 5101K [0x00000000eab00000, 0x00000000eb480000, 0x0000000100000000)
  eden space 4096K, 100% used [0x00000000eab00000,0x00000000eaf00000,0x00000000eaf00000)
  from space 1024K, 98% used [0x00000000eb180000,0x00000000eb27b440,0x00000000eb280000)
  to   space 2560K, 0% used [0x00000000eaf00000,0x00000000eaf00000,0x00000000eb180000)
 ParOldGen       total 207360K, used 207304K [0x00000000c0000000, 0x00000000cca80000, 0x00000000eab00000)
  object space 207360K, 99% used [0x00000000c0000000,0x00000000cca72310,0x00000000cca80000)
 Metaspace       used 55108K, committed 56384K, reserved 1114112K
  class space    used 5744K, committed 6272K, reserved 1048576K
}
Event: 7.622 GC heap after
{Heap after GC invocations=115 (full 2):
 PSYoungGen      total 5120K, used 992K [0x00000000eab00000, 0x00000000eb200000, 0x0000000100000000)
  eden space 4096K, 0% used [0x00000000eab00000,0x00000000eab00000,0x00000000eaf00000)
  from space 1024K, 96% used [0x00000000eaf00000,0x00000000eaff8090,0x00000000eb000000)
  to   space 1536K, 0% used [0x00000000eb080000,0x00000000eb080000,0x00000000eb200000)
 ParOldGen       total 208384K, used 208244K [0x00000000c0000000, 0x00000000ccb80000, 0x00000000eab00000)
  object space 208384K, 99% used [0x00000000c0000000,0x00000000ccb5d1d0,0x00000000ccb80000)
 Metaspace       used 55108K, committed 56384K, reserved 1114112K
  class space    used 5744K, committed 6272K, reserved 1048576K
}
Event: 7.640 GC heap before
{Heap before GC invocations=116 (full 2):
 PSYoungGen      total 5120K, used 5088K [0x00000000eab00000, 0x00000000eb200000, 0x0000000100000000)
  eden space 4096K, 100% used [0x00000000eab00000,0x00000000eaf00000,0x00000000eaf00000)
  from space 1024K, 96% used [0x00000000eaf00000,0x00000000eaff8090,0x00000000eb000000)
  to   space 1536K, 0% used [0x00000000eb080000,0x00000000eb080000,0x00000000eb200000)
 ParOldGen       total 208384K, used 208244K [0x00000000c0000000, 0x00000000ccb80000, 0x00000000eab00000)
  object space 208384K, 99% used [0x00000000c0000000,0x00000000ccb5d1d0,0x00000000ccb80000)
 Metaspace       used 55137K, committed 56384K, reserved 1114112K
  class space    used 5748K, committed 6272K, reserved 1048576K
}
Event: 7.641 GC heap after
{Heap after GC invocations=116 (full 2):
 PSYoungGen      total 5632K, used 963K [0x00000000eab00000, 0x00000000eb200000, 0x0000000100000000)
  eden space 4096K, 0% used [0x00000000eab00000,0x00000000eab00000,0x00000000eaf00000)
  from space 1536K, 62% used [0x00000000eb080000,0x00000000eb170ff0,0x00000000eb200000)
  to   space 1536K, 0% used [0x00000000eaf00000,0x00000000eaf00000,0x00000000eb080000)
 ParOldGen       total 209408K, used 209070K [0x00000000c0000000, 0x00000000ccc80000, 0x00000000eab00000)
  object space 209408K, 99% used [0x00000000c0000000,0x00000000ccc2baa0,0x00000000ccc80000)
 Metaspace       used 55137K, committed 56384K, reserved 1114112K
  class space    used 5748K, committed 6272K, reserved 1048576K
}
Event: 7.651 GC heap before
{Heap before GC invocations=117 (full 2):
 PSYoungGen      total 5632K, used 5059K [0x00000000eab00000, 0x00000000eb200000, 0x0000000100000000)
  eden space 4096K, 100% used [0x00000000eab00000,0x00000000eaf00000,0x00000000eaf00000)
  from space 1536K, 62% used [0x00000000eb080000,0x00000000eb170ff0,0x00000000eb200000)
  to   space 1536K, 0% used [0x00000000eaf00000,0x00000000eaf00000,0x00000000eb080000)
 ParOldGen       total 209408K, used 209070K [0x00000000c0000000, 0x00000000ccc80000, 0x00000000eab00000)
  object space 209408K, 99% used [0x00000000c0000000,0x00000000ccc2baa0,0x00000000ccc80000)
 Metaspace       used 55172K, committed 56448K, reserved 1114112K
  class space    used 5749K, committed 6272K, reserved 1048576K
}
Event: 7.652 GC heap after
{Heap after GC invocations=117 (full 2):
 PSYoungGen      total 5120K, used 987K [0x00000000eab00000, 0x00000000eb100000, 0x0000000100000000)
  eden space 4096K, 0% used [0x00000000eab00000,0x00000000eab00000,0x00000000eaf00000)
  from space 1024K, 96% used [0x00000000eaf00000,0x00000000eaff6cb8,0x00000000eb000000)
  to   space 1024K, 0% used [0x00000000eb000000,0x00000000eb000000,0x00000000eb100000)
 ParOldGen       total 209920K, used 209898K [0x00000000c0000000, 0x00000000ccd00000, 0x00000000eab00000)
  object space 209920K, 99% used [0x00000000c0000000,0x00000000cccfab40,0x00000000ccd00000)
 Metaspace       used 55172K, committed 56448K, reserved 1114112K
  class space    used 5749K, committed 6272K, reserved 1048576K
}
Event: 7.675 GC heap before
{Heap before GC invocations=118 (full 2):
 PSYoungGen      total 5120K, used 5083K [0x00000000eab00000, 0x00000000eb100000, 0x0000000100000000)
  eden space 4096K, 100% used [0x00000000eab00000,0x00000000eaf00000,0x00000000eaf00000)
  from space 1024K, 96% used [0x00000000eaf00000,0x00000000eaff6cb8,0x00000000eb000000)
  to   space 1024K, 0% used [0x00000000eb000000,0x00000000eb000000,0x00000000eb100000)
 ParOldGen       total 209920K, used 209898K [0x00000000c0000000, 0x00000000ccd00000, 0x00000000eab00000)
  object space 209920K, 99% used [0x00000000c0000000,0x00000000cccfab40,0x00000000ccd00000)
 Metaspace       used 55192K, committed 56448K, reserved 1114112K
  class space    used 5750K, committed 6272K, reserved 1048576K
}
Event: 7.676 GC heap after
{Heap after GC invocations=118 (full 2):
 PSYoungGen      total 4096K, used 1005K [0x00000000eab00000, 0x00000000eb300000, 0x0000000100000000)
  eden space 3072K, 0% used [0x00000000eab00000,0x00000000eab00000,0x00000000eae00000)
  from space 1024K, 98% used [0x00000000eb000000,0x00000000eb0fb670,0x00000000eb100000)
  to   space 2048K, 0% used [0x00000000eae00000,0x00000000eae00000,0x00000000eb000000)
 ParOldGen       total 210944K, used 210776K [0x00000000c0000000, 0x00000000cce00000, 0x00000000eab00000)
  object space 210944K, 99% used [0x00000000c0000000,0x00000000ccdd6298,0x00000000cce00000)
 Metaspace       used 55192K, committed 56448K, reserved 1114112K
  class space    used 5750K, committed 6272K, reserved 1048576K
}

